[debug] [2022-04-12T16:08:57.866Z] ----------------------------------------------------------------------
[debug] [2022-04-12T16:08:57.870Z] Command:       C:\Program Files\nodejs\node.exe C:\Users\USER\AppData\Roaming\npm\node_modules\firebase-tools\lib\bin\firebase.js serve
[debug] [2022-04-12T16:08:57.872Z] CLI Version:   10.5.0
[debug] [2022-04-12T16:08:57.872Z] Platform:      win32
[debug] [2022-04-12T16:08:57.872Z] Node Version:  v16.14.2
[debug] [2022-04-12T16:08:57.874Z] Time:          Tue Apr 12 2022 18:08:57 GMT+0200 (hora de verano de Europa central)
[debug] [2022-04-12T16:08:57.875Z] ----------------------------------------------------------------------
[debug] 
[debug] [2022-04-12T16:08:57.972Z] > command requires scopes: ["email","openid","https://www.googleapis.com/auth/cloudplatformprojects.readonly","https://www.googleapis.com/auth/firebase","https://www.googleapis.com/auth/cloud-platform"]
[debug] [2022-04-12T16:08:57.972Z] > authorizing via signed-in user (jvaola@gmail.com)
[debug] [2022-04-12T16:08:57.973Z] [iam] checking project mt02-9e1b9 for permissions ["firebase.projects.get"]
[debug] [2022-04-12T16:08:57.975Z] >>> [apiv2][query] POST https://cloudresourcemanager.googleapis.com/v1/projects/mt02-9e1b9:testIamPermissions [none]
[debug] [2022-04-12T16:08:57.975Z] >>> [apiv2][body] POST https://cloudresourcemanager.googleapis.com/v1/projects/mt02-9e1b9:testIamPermissions {"permissions":["firebase.projects.get"]}
[debug] [2022-04-12T16:08:58.766Z] <<< [apiv2][status] POST https://cloudresourcemanager.googleapis.com/v1/projects/mt02-9e1b9:testIamPermissions 200
[debug] [2022-04-12T16:08:58.767Z] <<< [apiv2][body] POST https://cloudresourcemanager.googleapis.com/v1/projects/mt02-9e1b9:testIamPermissions {"permissions":["firebase.projects.get"]}
[debug] [2022-04-12T16:08:58.770Z] >>> [apiv2][query] GET https://firebase.googleapis.com/v1beta1/projects/mt02-9e1b9 [none]
[debug] [2022-04-12T16:08:59.062Z] <<< [apiv2][status] GET https://firebase.googleapis.com/v1beta1/projects/mt02-9e1b9 200
[debug] [2022-04-12T16:08:59.063Z] <<< [apiv2][body] GET https://firebase.googleapis.com/v1beta1/projects/mt02-9e1b9 {"projectId":"mt02-9e1b9","projectNumber":"216456856011","displayName":"mt02","name":"projects/mt02-9e1b9","resources":{"hostingSite":"mt02-9e1b9","storageBucket":"mt02-9e1b9.appspot.com","locationId":"europe-west"},"state":"ACTIVE"}
[info] 
[info] === Serving from 'C:\Users\USER\Desktop\miTienda2'...
[info] 
[debug] [2022-04-12T16:08:59.081Z] >>> [apiv2][query] GET https://firebasehosting.googleapis.com/v1beta1/projects/mt02-9e1b9/sites 
[info] +  functions: Using node@16 from host. {"metadata":{"emulator":{"name":"functions"},"message":"Using node@16 from host."}}
[debug] [2022-04-12T16:08:59.125Z] defaultcredentials: writing to file C:\Users\USER\AppData\Roaming\firebase\jvaola_gmail_com_application_default_credentials.json
[debug] [2022-04-12T16:08:59.130Z] Setting GAC to C:\Users\USER\AppData\Roaming\firebase\jvaola_gmail_com_application_default_credentials.json {"metadata":{"emulator":{"name":"functions"},"message":"Setting GAC to C:\\Users\\USER\\AppData\\Roaming\\firebase\\jvaola_gmail_com_application_default_credentials.json"}}
[debug] [2022-04-12T16:08:59.133Z] >>> [apiv2][query] GET https://firebase.googleapis.com/v1beta1/projects/mt02-9e1b9/adminSdkConfig [none]
[debug] [2022-04-12T16:08:59.449Z] <<< [apiv2][status] GET https://firebase.googleapis.com/v1beta1/projects/mt02-9e1b9/adminSdkConfig 200
[debug] [2022-04-12T16:08:59.449Z] <<< [apiv2][body] GET https://firebase.googleapis.com/v1beta1/projects/mt02-9e1b9/adminSdkConfig {"projectId":"mt02-9e1b9","storageBucket":"mt02-9e1b9.appspot.com","locationId":"europe-west"}
[debug] [2022-04-12T16:09:00.121Z] <<< [apiv2][status] GET https://firebasehosting.googleapis.com/v1beta1/projects/mt02-9e1b9/sites 200
[debug] [2022-04-12T16:09:00.121Z] <<< [apiv2][body] GET https://firebasehosting.googleapis.com/v1beta1/projects/mt02-9e1b9/sites {"sites":[{"name":"projects/216456856011/sites/mt02-9e1b9","defaultUrl":"https://mt02-9e1b9.web.app","type":"DEFAULT_SITE"}]}
[debug] [2022-04-12T16:09:00.122Z] >>> [apiv2][query] GET https://firebase.googleapis.com/v1beta1/projects/mt02-9e1b9/webApps/-/config [none]
[debug] [2022-04-12T16:09:00.904Z] <<< [apiv2][status] GET https://firebase.googleapis.com/v1beta1/projects/mt02-9e1b9/webApps/-/config 200
[debug] [2022-04-12T16:09:00.904Z] <<< [apiv2][body] GET https://firebase.googleapis.com/v1beta1/projects/mt02-9e1b9/webApps/-/config {"projectId":"mt02-9e1b9","appId":"1:216456856011:web:06b7083f2d6d55f347764e","storageBucket":"mt02-9e1b9.appspot.com","locationId":"europe-west","apiKey":"AIzaSyBb9eHDYyX9DjtluJXZuFfDC4VMjOBqOyI","authDomain":"mt02-9e1b9.firebaseapp.com","messagingSenderId":"216456856011"}
[info] i  functions: Watching "C:\Users\USER\Desktop\miTienda2\functions" for Cloud Functions... {"metadata":{"emulator":{"name":"functions"},"message":"Watching \"C:\\Users\\USER\\Desktop\\miTienda2\\functions\" for Cloud Functions..."}}
[info] i  hosting: Serving hosting files from: build {"metadata":{"emulator":{"name":"hosting"},"message":"Serving hosting files from: \u001b[1mbuild\u001b[22m"}}
[info] +  hosting: Local server: http://localhost:5000 {"metadata":{"emulator":{"name":"hosting"},"message":"Local server: \u001b[4m\u001b[1mhttp://localhost:5000\u001b[22m\u001b[24m"}}
[debug] [2022-04-12T16:09:00.981Z] Validating nodejs source
[debug] [2022-04-12T16:09:04.849Z] > [functions] package.json contents: {
  "name": "functions",
  "description": "Cloud Functions for Firebase",
  "scripts": {
    "serve": "firebase emulators:start --only functions",
    "shell": "firebase functions:shell",
    "start": "npm run shell",
    "deploy": "firebase deploy --only functions",
    "logs": "firebase functions:log"
  },
  "engines": {
    "node": "16"
  },
  "main": "index.js",
  "dependencies": {
    "express": "^4.17.3",
    "firebase-admin": "^10.0.2",
    "firebase-functions": "^3.18.0"
  },
  "devDependencies": {
    "firebase-functions-test": "^0.2.0"
  },
  "private": true
}
[debug] [2022-04-12T16:09:04.849Z] Building nodejs source
[debug] [2022-04-12T16:09:04.849Z] Analyzing nodejs backend spec
[info] +  functions[us-central1-app]: http function initialized (http://localhost:5001/mt02-9e1b9/us-central1/app). {"metadata":{"emulator":{"name":"functions"},"message":"\u001b[1mhttp\u001b[22m function initialized (http://localhost:5001/mt02-9e1b9/us-central1/app)."}}
[info] i  hosting: 127.0.0.1 - - [12/Apr/2022:16:09:05 +0000] "GET / HTTP/1.1" 200 3033 "-" "Mozilla/5.0 (Windows NT 10.0; Win64; x64) AppleWebKit/537.36 (KHTML, like Gecko) Chrome/100.0.4896.75 Safari/537.36" {"metadata":{"emulator":{"name":"hosting"},"message":"127.0.0.1 - - [12/Apr/2022:16:09:05 +0000] \"GET / HTTP/1.1\" 200 3033 \"-\" \"Mozilla/5.0 (Windows NT 10.0; Win64; x64) AppleWebKit/537.36 (KHTML, like Gecko) Chrome/100.0.4896.75 Safari/537.36\""}}
[info] i  hosting: 127.0.0.1 - - [12/Apr/2022:16:09:05 +0000] "GET /static/css/main.c2946a95.chunk.css HTTP/1.1" 200 386 "http://localhost:5000/" "Mozilla/5.0 (Windows NT 10.0; Win64; x64) AppleWebKit/537.36 (KHTML, like Gecko) Chrome/100.0.4896.75 Safari/537.36" {"metadata":{"emulator":{"name":"hosting"},"message":"127.0.0.1 - - [12/Apr/2022:16:09:05 +0000] \"GET /static/css/main.c2946a95.chunk.css HTTP/1.1\" 200 386 \"http://localhost:5000/\" \"Mozilla/5.0 (Windows NT 10.0; Win64; x64) AppleWebKit/537.36 (KHTML, like Gecko) Chrome/100.0.4896.75 Safari/537.36\""}}
[info] i  hosting: 127.0.0.1 - - [12/Apr/2022:16:09:05 +0000] "GET /static/js/main.ab331582.chunk.js HTTP/1.1" 200 27956 "http://localhost:5000/" "Mozilla/5.0 (Windows NT 10.0; Win64; x64) AppleWebKit/537.36 (KHTML, like Gecko) Chrome/100.0.4896.75 Safari/537.36" {"metadata":{"emulator":{"name":"hosting"},"message":"127.0.0.1 - - [12/Apr/2022:16:09:05 +0000] \"GET /static/js/main.ab331582.chunk.js HTTP/1.1\" 200 27956 \"http://localhost:5000/\" \"Mozilla/5.0 (Windows NT 10.0; Win64; x64) AppleWebKit/537.36 (KHTML, like Gecko) Chrome/100.0.4896.75 Safari/537.36\""}}
[info] i  hosting: 127.0.0.1 - - [12/Apr/2022:16:09:05 +0000] "GET /static/js/2.f9964ba9.chunk.js HTTP/1.1" 200 1251329 "http://localhost:5000/" "Mozilla/5.0 (Windows NT 10.0; Win64; x64) AppleWebKit/537.36 (KHTML, like Gecko) Chrome/100.0.4896.75 Safari/537.36" {"metadata":{"emulator":{"name":"hosting"},"message":"127.0.0.1 - - [12/Apr/2022:16:09:05 +0000] \"GET /static/js/2.f9964ba9.chunk.js HTTP/1.1\" 200 1251329 \"http://localhost:5000/\" \"Mozilla/5.0 (Windows NT 10.0; Win64; x64) AppleWebKit/537.36 (KHTML, like Gecko) Chrome/100.0.4896.75 Safari/537.36\""}}
[info] i  hosting: 127.0.0.1 - - [12/Apr/2022:16:09:07 +0000] "GET /favicon.ico HTTP/1.1" 200 3870 "http://localhost:5000/" "Mozilla/5.0 (Windows NT 10.0; Win64; x64) AppleWebKit/537.36 (KHTML, like Gecko) Chrome/100.0.4896.75 Safari/537.36" {"metadata":{"emulator":{"name":"hosting"},"message":"127.0.0.1 - - [12/Apr/2022:16:09:07 +0000] \"GET /favicon.ico HTTP/1.1\" 200 3870 \"http://localhost:5000/\" \"Mozilla/5.0 (Windows NT 10.0; Win64; x64) AppleWebKit/537.36 (KHTML, like Gecko) Chrome/100.0.4896.75 Safari/537.36\""}}
[info] i  hosting: 127.0.0.1 - - [12/Apr/2022:16:09:07 +0000] "GET /manifest.json HTTP/1.1" 200 501 "http://localhost:5000/" "Mozilla/5.0 (Windows NT 10.0; Win64; x64) AppleWebKit/537.36 (KHTML, like Gecko) Chrome/100.0.4896.75 Safari/537.36" {"metadata":{"emulator":{"name":"hosting"},"message":"127.0.0.1 - - [12/Apr/2022:16:09:07 +0000] \"GET /manifest.json HTTP/1.1\" 200 501 \"http://localhost:5000/\" \"Mozilla/5.0 (Windows NT 10.0; Win64; x64) AppleWebKit/537.36 (KHTML, like Gecko) Chrome/100.0.4896.75 Safari/537.36\""}}
[info] i  hosting: 127.0.0.1 - - [12/Apr/2022:16:09:07 +0000] "GET /logo192.png HTTP/1.1" 200 5347 "http://localhost:5000/signin" "Mozilla/5.0 (Windows NT 10.0; Win64; x64) AppleWebKit/537.36 (KHTML, like Gecko) Chrome/100.0.4896.75 Safari/537.36" {"metadata":{"emulator":{"name":"hosting"},"message":"127.0.0.1 - - [12/Apr/2022:16:09:07 +0000] \"GET /logo192.png HTTP/1.1\" 200 5347 \"http://localhost:5000/signin\" \"Mozilla/5.0 (Windows NT 10.0; Win64; x64) AppleWebKit/537.36 (KHTML, like Gecko) Chrome/100.0.4896.75 Safari/537.36\""}}
[info] i  hosting: 127.0.0.1 - - [12/Apr/2022:16:09:28 +0000] "GET /static/js/2.f9964ba9.chunk.js.map HTTP/1.1" 200 4918120 "-" "Mozilla/5.0 (Windows NT 10.0; Win64; x64) AppleWebKit/537.36 (KHTML, like Gecko) Chrome/100.0.4896.75 Safari/537.36" {"metadata":{"emulator":{"name":"hosting"},"message":"127.0.0.1 - - [12/Apr/2022:16:09:28 +0000] \"GET /static/js/2.f9964ba9.chunk.js.map HTTP/1.1\" 200 4918120 \"-\" \"Mozilla/5.0 (Windows NT 10.0; Win64; x64) AppleWebKit/537.36 (KHTML, like Gecko) Chrome/100.0.4896.75 Safari/537.36\""}}
[info] i  hosting: 127.0.0.1 - - [12/Apr/2022:16:09:28 +0000] "GET /static/js/main.ab331582.chunk.js.map HTTP/1.1" 200 66329 "-" "Mozilla/5.0 (Windows NT 10.0; Win64; x64) AppleWebKit/537.36 (KHTML, like Gecko) Chrome/100.0.4896.75 Safari/537.36" {"metadata":{"emulator":{"name":"hosting"},"message":"127.0.0.1 - - [12/Apr/2022:16:09:28 +0000] \"GET /static/js/main.ab331582.chunk.js.map HTTP/1.1\" 200 66329 \"-\" \"Mozilla/5.0 (Windows NT 10.0; Win64; x64) AppleWebKit/537.36 (KHTML, like Gecko) Chrome/100.0.4896.75 Safari/537.36\""}}
[info] i  hosting: 127.0.0.1 - - [12/Apr/2022:16:09:28 +0000] "GET /static/css/main.c2946a95.chunk.css.map HTTP/1.1" 200 665 "-" "Mozilla/5.0 (Windows NT 10.0; Win64; x64) AppleWebKit/537.36 (KHTML, like Gecko) Chrome/100.0.4896.75 Safari/537.36" {"metadata":{"emulator":{"name":"hosting"},"message":"127.0.0.1 - - [12/Apr/2022:16:09:28 +0000] \"GET /static/css/main.c2946a95.chunk.css.map HTTP/1.1\" 200 665 \"-\" \"Mozilla/5.0 (Windows NT 10.0; Win64; x64) AppleWebKit/537.36 (KHTML, like Gecko) Chrome/100.0.4896.75 Safari/537.36\""}}
[debug] [2022-04-12T16:09:42.414Z] [work-queue] {"queueLength":1,"workRunningCount":0}
[debug] [2022-04-12T16:09:42.415Z] [work-queue] {"queueLength":0,"workRunningCount":1}
[debug] [2022-04-12T16:09:42.418Z] Accepted request OPTIONS /mt02-9e1b9/us-central1/app/api/checkout --> us-central1-app
[debug] [2022-04-12T16:09:42.470Z] [worker-pool] addWorker(us-central1-app) {"metadata":{"emulator":{"name":"functions"},"message":"[worker-pool] addWorker(us-central1-app)"}}
[debug] [2022-04-12T16:09:42.472Z] [worker-pool] Adding worker with key us-central1-app, total=1 {"metadata":{"emulator":{"name":"functions"},"message":"[worker-pool] Adding worker with key us-central1-app, total=1"}}
[debug] [2022-04-12T16:09:42.472Z] [worker-pool] submitWork(triggerId=us-central1-app) {"metadata":{"emulator":{"name":"functions"},"message":"[worker-pool] submitWork(triggerId=us-central1-app)"}}
[debug] [2022-04-12T16:09:42.474Z] [worker-us-central1-app-b0182b0e-df67-4bcf-891e-0a797b0542a6]: Assigning socketPath: \\?\pipe\C:\Users\USER\Desktop\miTienda2\functions\2188 {"metadata":{"emulator":{"name":"functions"},"message":"[worker-us-central1-app-b0182b0e-df67-4bcf-891e-0a797b0542a6]: Assigning socketPath: \\\\?\\pipe\\C:\\Users\\USER\\Desktop\\miTienda2\\functions\\2188"}}
[debug] [2022-04-12T16:09:42.475Z] [worker-us-central1-app-b0182b0e-df67-4bcf-891e-0a797b0542a6]: BUSY {"metadata":{"emulator":{"name":"functions"},"message":"[worker-us-central1-app-b0182b0e-df67-4bcf-891e-0a797b0542a6]: BUSY"}}
[debug] [2022-04-12T16:09:44.306Z] [runtime-status] [2188] Functions runtime initialized. {"cwd":"C:\\Users\\USER\\Desktop\\miTienda2\\functions","node_version":"16.14.2"} {"metadata":{"emulator":{"name":"functions"},"function":{"name":"us-central1-app"},"extension":{},"message":"[runtime-status] [2188] Functions runtime initialized. {\"cwd\":\"C:\\\\Users\\\\USER\\\\Desktop\\\\miTienda2\\\\functions\",\"node_version\":\"16.14.2\"}"}}
[debug] [2022-04-12T16:09:44.307Z] [runtime-status] [2188] Disabled runtime features: undefined {"metadata":{"emulator":{"name":"functions"},"function":{"name":"us-central1-app"},"extension":{},"message":"[runtime-status] [2188] Disabled runtime features: undefined"}}
[debug] [2022-04-12T16:09:44.311Z] [runtime-status] [2188] Resolved module firebase-admin {"declared":true,"installed":true,"version":"10.0.2","resolution":"C:\\Users\\USER\\Desktop\\miTienda2\\functions\\node_modules\\firebase-admin\\lib\\index.js"} {"metadata":{"emulator":{"name":"functions"},"function":{"name":"us-central1-app"},"extension":{},"message":"[runtime-status] [2188] Resolved module firebase-admin {\"declared\":true,\"installed\":true,\"version\":\"10.0.2\",\"resolution\":\"C:\\\\Users\\\\USER\\\\Desktop\\\\miTienda2\\\\functions\\\\node_modules\\\\firebase-admin\\\\lib\\\\index.js\"}"}}
[debug] [2022-04-12T16:09:44.313Z] [runtime-status] [2188] Resolved module firebase-functions {"declared":true,"installed":true,"version":"3.20.0","resolution":"C:\\Users\\USER\\Desktop\\miTienda2\\functions\\node_modules\\firebase-functions\\lib\\index.js"} {"metadata":{"emulator":{"name":"functions"},"function":{"name":"us-central1-app"},"extension":{},"message":"[runtime-status] [2188] Resolved module firebase-functions {\"declared\":true,\"installed\":true,\"version\":\"3.20.0\",\"resolution\":\"C:\\\\Users\\\\USER\\\\Desktop\\\\miTienda2\\\\functions\\\\node_modules\\\\firebase-functions\\\\lib\\\\index.js\"}"}}
[debug] [2022-04-12T16:09:44.313Z] [runtime-status] [2188] Outgoing network have been stubbed. [{"name":"http","status":"mocked"},{"name":"http","status":"mocked"},{"name":"https","status":"mocked"},{"name":"https","status":"mocked"},{"name":"net","status":"mocked"}] {"metadata":{"emulator":{"name":"functions"},"function":{"name":"us-central1-app"},"extension":{},"message":"[runtime-status] [2188] Outgoing network have been stubbed. [{\"name\":\"http\",\"status\":\"mocked\"},{\"name\":\"http\",\"status\":\"mocked\"},{\"name\":\"https\",\"status\":\"mocked\"},{\"name\":\"https\",\"status\":\"mocked\"},{\"name\":\"net\",\"status\":\"mocked\"}]"}}
[debug] [2022-04-12T16:09:44.314Z] [runtime-status] [2188] Resolved module firebase-functions {"declared":true,"installed":true,"version":"3.20.0","resolution":"C:\\Users\\USER\\Desktop\\miTienda2\\functions\\node_modules\\firebase-functions\\lib\\index.js"} {"metadata":{"emulator":{"name":"functions"},"function":{"name":"us-central1-app"},"extension":{},"message":"[runtime-status] [2188] Resolved module firebase-functions {\"declared\":true,\"installed\":true,\"version\":\"3.20.0\",\"resolution\":\"C:\\\\Users\\\\USER\\\\Desktop\\\\miTienda2\\\\functions\\\\node_modules\\\\firebase-functions\\\\lib\\\\index.js\"}"}}
[debug] [2022-04-12T16:09:44.538Z] [runtime-status] [2188] Checked functions.config() {"config":{}} {"metadata":{"emulator":{"name":"functions"},"function":{"name":"us-central1-app"},"extension":{},"message":"[runtime-status] [2188] Checked functions.config() {\"config\":{}}"}}
[debug] [2022-04-12T16:09:44.538Z] [runtime-status] [2188] firebase-functions has been stubbed. {"functionsResolution":{"declared":true,"installed":true,"version":"3.20.0","resolution":"C:\\Users\\USER\\Desktop\\miTienda2\\functions\\node_modules\\firebase-functions\\lib\\index.js"}} {"metadata":{"emulator":{"name":"functions"},"function":{"name":"us-central1-app"},"extension":{},"message":"[runtime-status] [2188] firebase-functions has been stubbed. {\"functionsResolution\":{\"declared\":true,\"installed\":true,\"version\":\"3.20.0\",\"resolution\":\"C:\\\\Users\\\\USER\\\\Desktop\\\\miTienda2\\\\functions\\\\node_modules\\\\firebase-functions\\\\lib\\\\index.js\"}}"}}
[debug] [2022-04-12T16:09:44.539Z] [runtime-status] [2188] Resolved module firebase-functions {"declared":true,"installed":true,"version":"3.20.0","resolution":"C:\\Users\\USER\\Desktop\\miTienda2\\functions\\node_modules\\firebase-functions\\lib\\index.js"} {"metadata":{"emulator":{"name":"functions"},"function":{"name":"us-central1-app"},"extension":{},"message":"[runtime-status] [2188] Resolved module firebase-functions {\"declared\":true,\"installed\":true,\"version\":\"3.20.0\",\"resolution\":\"C:\\\\Users\\\\USER\\\\Desktop\\\\miTienda2\\\\functions\\\\node_modules\\\\firebase-functions\\\\lib\\\\index.js\"}"}}
[debug] [2022-04-12T16:09:44.541Z] [runtime-status] [2188] Resolved module firebase-admin {"declared":true,"installed":true,"version":"10.0.2","resolution":"C:\\Users\\USER\\Desktop\\miTienda2\\functions\\node_modules\\firebase-admin\\lib\\index.js"} {"metadata":{"emulator":{"name":"functions"},"function":{"name":"us-central1-app"},"extension":{},"message":"[runtime-status] [2188] Resolved module firebase-admin {\"declared\":true,\"installed\":true,\"version\":\"10.0.2\",\"resolution\":\"C:\\\\Users\\\\USER\\\\Desktop\\\\miTienda2\\\\functions\\\\node_modules\\\\firebase-admin\\\\lib\\\\index.js\"}"}}
[debug] [2022-04-12T16:09:44.543Z] [runtime-status] [2188] Resolved module firebase-functions {"declared":true,"installed":true,"version":"3.20.0","resolution":"C:\\Users\\USER\\Desktop\\miTienda2\\functions\\node_modules\\firebase-functions\\lib\\index.js"} {"metadata":{"emulator":{"name":"functions"},"function":{"name":"us-central1-app"},"extension":{},"message":"[runtime-status] [2188] Resolved module firebase-functions {\"declared\":true,\"installed\":true,\"version\":\"3.20.0\",\"resolution\":\"C:\\\\Users\\\\USER\\\\Desktop\\\\miTienda2\\\\functions\\\\node_modules\\\\firebase-functions\\\\lib\\\\index.js\"}"}}
[debug] [2022-04-12T16:09:44.543Z] [runtime-status] [2188] firebase-admin has been stubbed. {"adminResolution":{"declared":true,"installed":true,"version":"10.0.2","resolution":"C:\\Users\\USER\\Desktop\\miTienda2\\functions\\node_modules\\firebase-admin\\lib\\index.js"}} {"metadata":{"emulator":{"name":"functions"},"function":{"name":"us-central1-app"},"extension":{},"message":"[runtime-status] [2188] firebase-admin has been stubbed. {\"adminResolution\":{\"declared\":true,\"installed\":true,\"version\":\"10.0.2\",\"resolution\":\"C:\\\\Users\\\\USER\\\\Desktop\\\\miTienda2\\\\functions\\\\node_modules\\\\firebase-admin\\\\lib\\\\index.js\"}}"}}
[debug] [2022-04-12T16:09:44.876Z] [runtime-status] [2188] Beginning invocation function app! {"metadata":{"emulator":{"name":"functions"},"function":{"name":"us-central1-app"},"extension":{},"message":"[runtime-status] [2188] Beginning invocation function app!"}}
[info] i  functions: Beginning execution of "app" {"metadata":{"emulator":{"name":"functions"},"function":{"name":"us-central1-app"},"extension":{},"message":"Beginning execution of \"app\""}}
[debug] [2022-04-12T16:09:44.877Z] [runtime-status] [2188] Running app in signature http {"metadata":{"emulator":{"name":"functions"},"function":{"name":"us-central1-app"},"extension":{},"message":"[runtime-status] [2188] Running app in signature http"}}
[debug] [2022-04-12T16:09:44.881Z] [runtime-status] [2188] Attempting to listen to socketPath: \\?\pipe\C:\Users\USER\Desktop\miTienda2\functions\2188 {"metadata":{"emulator":{"name":"functions"},"function":{"name":"us-central1-app"},"extension":{},"message":"[runtime-status] [2188] Attempting to listen to socketPath: \\\\?\\pipe\\C:\\Users\\USER\\Desktop\\miTienda2\\functions\\2188"}}
[debug] [2022-04-12T16:09:44.889Z] [functions] Runtime ready! Sending request! {"metadata":{"emulator":{"name":"functions"},"message":"[functions] Runtime ready! Sending request!"}}
[debug] [2022-04-12T16:09:44.890Z] [functions] Got req.url=/mt02-9e1b9/us-central1/app/api/checkout, mapping to path=/api/checkout {"metadata":{"emulator":{"name":"functions"},"message":"[functions] Got req.url=/mt02-9e1b9/us-central1/app/api/checkout, mapping to path=/api/checkout"}}
[debug] [2022-04-12T16:09:44.912Z] [runtime-status] [2188] Ephemeral server handling OPTIONS request {"metadata":{"emulator":{"name":"functions"},"function":{"name":"us-central1-app"},"extension":{},"message":"[runtime-status] [2188] Ephemeral server handling OPTIONS request"}}
[debug] [2022-04-12T16:09:44.919Z] [runtime-status] [2188] Ephemeral server survived. {"metadata":{"emulator":{"name":"functions"},"function":{"name":"us-central1-app"},"extension":{},"message":"[runtime-status] [2188] Ephemeral server survived."}}
[debug] [2022-04-12T16:09:44.921Z] [work-queue] {"queueLength":1,"workRunningCount":1}
[debug] [2022-04-12T16:09:44.921Z] [work-queue] {"queueLength":0,"workRunningCount":2}
[debug] [2022-04-12T16:09:44.923Z] Accepted request POST /mt02-9e1b9/us-central1/app/api/checkout --> us-central1-app
[debug] [2022-04-12T16:09:44.932Z] [worker-pool] addWorker(us-central1-app) {"metadata":{"emulator":{"name":"functions"},"message":"[worker-pool] addWorker(us-central1-app)"}}
[debug] [2022-04-12T16:09:44.933Z] [worker-pool] Adding worker with key us-central1-app, total=2 {"metadata":{"emulator":{"name":"functions"},"message":"[worker-pool] Adding worker with key us-central1-app, total=2"}}
[debug] [2022-04-12T16:09:44.933Z] [worker-pool] submitWork(triggerId=us-central1-app) {"metadata":{"emulator":{"name":"functions"},"message":"[worker-pool] submitWork(triggerId=us-central1-app)"}}
[debug] [2022-04-12T16:09:44.933Z] [worker-us-central1-app-b0e05a62-b532-467b-bd75-17cb50b88bc4]: Assigning socketPath: \\?\pipe\C:\Users\USER\Desktop\miTienda2\functions\11692 {"metadata":{"emulator":{"name":"functions"},"message":"[worker-us-central1-app-b0e05a62-b532-467b-bd75-17cb50b88bc4]: Assigning socketPath: \\\\?\\pipe\\C:\\Users\\USER\\Desktop\\miTienda2\\functions\\11692"}}
[debug] [2022-04-12T16:09:44.933Z] [worker-us-central1-app-b0e05a62-b532-467b-bd75-17cb50b88bc4]: BUSY {"metadata":{"emulator":{"name":"functions"},"message":"[worker-us-central1-app-b0e05a62-b532-467b-bd75-17cb50b88bc4]: BUSY"}}
[info] i  functions: Finished "app" in ~1s {"metadata":{"emulator":{"name":"functions"},"function":{"name":"us-central1-app"},"extension":{},"message":"Finished \"app\" in ~1s"}}
[debug] [2022-04-12T16:09:44.938Z] [worker-us-central1-app-b0182b0e-df67-4bcf-891e-0a797b0542a6]: IDLE {"metadata":{"emulator":{"name":"functions"},"message":"[worker-us-central1-app-b0182b0e-df67-4bcf-891e-0a797b0542a6]: IDLE"}}
[debug] [2022-04-12T16:09:44.938Z] [work-queue] {"queueLength":0,"workRunningCount":1}
[debug] [2022-04-12T16:09:46.725Z] [runtime-status] [11692] Functions runtime initialized. {"cwd":"C:\\Users\\USER\\Desktop\\miTienda2\\functions","node_version":"16.14.2"} {"metadata":{"emulator":{"name":"functions"},"function":{"name":"us-central1-app"},"extension":{},"message":"[runtime-status] [11692] Functions runtime initialized. {\"cwd\":\"C:\\\\Users\\\\USER\\\\Desktop\\\\miTienda2\\\\functions\",\"node_version\":\"16.14.2\"}"}}
[debug] [2022-04-12T16:09:46.727Z] [runtime-status] [11692] Disabled runtime features: undefined {"metadata":{"emulator":{"name":"functions"},"function":{"name":"us-central1-app"},"extension":{},"message":"[runtime-status] [11692] Disabled runtime features: undefined"}}
[debug] [2022-04-12T16:09:46.730Z] [runtime-status] [11692] Resolved module firebase-admin {"declared":true,"installed":true,"version":"10.0.2","resolution":"C:\\Users\\USER\\Desktop\\miTienda2\\functions\\node_modules\\firebase-admin\\lib\\index.js"} {"metadata":{"emulator":{"name":"functions"},"function":{"name":"us-central1-app"},"extension":{},"message":"[runtime-status] [11692] Resolved module firebase-admin {\"declared\":true,\"installed\":true,\"version\":\"10.0.2\",\"resolution\":\"C:\\\\Users\\\\USER\\\\Desktop\\\\miTienda2\\\\functions\\\\node_modules\\\\firebase-admin\\\\lib\\\\index.js\"}"}}
[debug] [2022-04-12T16:09:46.732Z] [runtime-status] [11692] Resolved module firebase-functions {"declared":true,"installed":true,"version":"3.20.0","resolution":"C:\\Users\\USER\\Desktop\\miTienda2\\functions\\node_modules\\firebase-functions\\lib\\index.js"} {"metadata":{"emulator":{"name":"functions"},"function":{"name":"us-central1-app"},"extension":{},"message":"[runtime-status] [11692] Resolved module firebase-functions {\"declared\":true,\"installed\":true,\"version\":\"3.20.0\",\"resolution\":\"C:\\\\Users\\\\USER\\\\Desktop\\\\miTienda2\\\\functions\\\\node_modules\\\\firebase-functions\\\\lib\\\\index.js\"}"}}
[debug] [2022-04-12T16:09:46.734Z] [runtime-status] [11692] Outgoing network have been stubbed. [{"name":"http","status":"mocked"},{"name":"http","status":"mocked"},{"name":"https","status":"mocked"},{"name":"https","status":"mocked"},{"name":"net","status":"mocked"}] {"metadata":{"emulator":{"name":"functions"},"function":{"name":"us-central1-app"},"extension":{},"message":"[runtime-status] [11692] Outgoing network have been stubbed. [{\"name\":\"http\",\"status\":\"mocked\"},{\"name\":\"http\",\"status\":\"mocked\"},{\"name\":\"https\",\"status\":\"mocked\"},{\"name\":\"https\",\"status\":\"mocked\"},{\"name\":\"net\",\"status\":\"mocked\"}]"}}
[debug] [2022-04-12T16:09:46.735Z] [runtime-status] [11692] Resolved module firebase-functions {"declared":true,"installed":true,"version":"3.20.0","resolution":"C:\\Users\\USER\\Desktop\\miTienda2\\functions\\node_modules\\firebase-functions\\lib\\index.js"} {"metadata":{"emulator":{"name":"functions"},"function":{"name":"us-central1-app"},"extension":{},"message":"[runtime-status] [11692] Resolved module firebase-functions {\"declared\":true,\"installed\":true,\"version\":\"3.20.0\",\"resolution\":\"C:\\\\Users\\\\USER\\\\Desktop\\\\miTienda2\\\\functions\\\\node_modules\\\\firebase-functions\\\\lib\\\\index.js\"}"}}
[debug] [2022-04-12T16:09:46.852Z] [runtime-status] [11692] Checked functions.config() {"config":{}} {"metadata":{"emulator":{"name":"functions"},"function":{"name":"us-central1-app"},"extension":{},"message":"[runtime-status] [11692] Checked functions.config() {\"config\":{}}"}}
[debug] [2022-04-12T16:09:46.852Z] [runtime-status] [11692] firebase-functions has been stubbed. {"functionsResolution":{"declared":true,"installed":true,"version":"3.20.0","resolution":"C:\\Users\\USER\\Desktop\\miTienda2\\functions\\node_modules\\firebase-functions\\lib\\index.js"}} {"metadata":{"emulator":{"name":"functions"},"function":{"name":"us-central1-app"},"extension":{},"message":"[runtime-status] [11692] firebase-functions has been stubbed. {\"functionsResolution\":{\"declared\":true,\"installed\":true,\"version\":\"3.20.0\",\"resolution\":\"C:\\\\Users\\\\USER\\\\Desktop\\\\miTienda2\\\\functions\\\\node_modules\\\\firebase-functions\\\\lib\\\\index.js\"}}"}}
[debug] [2022-04-12T16:09:46.853Z] [runtime-status] [11692] Resolved module firebase-functions {"declared":true,"installed":true,"version":"3.20.0","resolution":"C:\\Users\\USER\\Desktop\\miTienda2\\functions\\node_modules\\firebase-functions\\lib\\index.js"} {"metadata":{"emulator":{"name":"functions"},"function":{"name":"us-central1-app"},"extension":{},"message":"[runtime-status] [11692] Resolved module firebase-functions {\"declared\":true,\"installed\":true,\"version\":\"3.20.0\",\"resolution\":\"C:\\\\Users\\\\USER\\\\Desktop\\\\miTienda2\\\\functions\\\\node_modules\\\\firebase-functions\\\\lib\\\\index.js\"}"}}
[debug] [2022-04-12T16:09:46.855Z] [runtime-status] [11692] Resolved module firebase-admin {"declared":true,"installed":true,"version":"10.0.2","resolution":"C:\\Users\\USER\\Desktop\\miTienda2\\functions\\node_modules\\firebase-admin\\lib\\index.js"} {"metadata":{"emulator":{"name":"functions"},"function":{"name":"us-central1-app"},"extension":{},"message":"[runtime-status] [11692] Resolved module firebase-admin {\"declared\":true,\"installed\":true,\"version\":\"10.0.2\",\"resolution\":\"C:\\\\Users\\\\USER\\\\Desktop\\\\miTienda2\\\\functions\\\\node_modules\\\\firebase-admin\\\\lib\\\\index.js\"}"}}
[debug] [2022-04-12T16:09:46.856Z] [runtime-status] [11692] Resolved module firebase-functions {"declared":true,"installed":true,"version":"3.20.0","resolution":"C:\\Users\\USER\\Desktop\\miTienda2\\functions\\node_modules\\firebase-functions\\lib\\index.js"} {"metadata":{"emulator":{"name":"functions"},"function":{"name":"us-central1-app"},"extension":{},"message":"[runtime-status] [11692] Resolved module firebase-functions {\"declared\":true,\"installed\":true,\"version\":\"3.20.0\",\"resolution\":\"C:\\\\Users\\\\USER\\\\Desktop\\\\miTienda2\\\\functions\\\\node_modules\\\\firebase-functions\\\\lib\\\\index.js\"}"}}
[debug] [2022-04-12T16:09:46.856Z] [runtime-status] [11692] firebase-admin has been stubbed. {"adminResolution":{"declared":true,"installed":true,"version":"10.0.2","resolution":"C:\\Users\\USER\\Desktop\\miTienda2\\functions\\node_modules\\firebase-admin\\lib\\index.js"}} {"metadata":{"emulator":{"name":"functions"},"function":{"name":"us-central1-app"},"extension":{},"message":"[runtime-status] [11692] firebase-admin has been stubbed. {\"adminResolution\":{\"declared\":true,\"installed\":true,\"version\":\"10.0.2\",\"resolution\":\"C:\\\\Users\\\\USER\\\\Desktop\\\\miTienda2\\\\functions\\\\node_modules\\\\firebase-admin\\\\lib\\\\index.js\"}}"}}
[debug] [2022-04-12T16:09:47.036Z] [runtime-status] [11692] Beginning invocation function app! {"metadata":{"emulator":{"name":"functions"},"function":{"name":"us-central1-app"},"extension":{},"message":"[runtime-status] [11692] Beginning invocation function app!"}}
[info] i  functions: Beginning execution of "app" {"metadata":{"emulator":{"name":"functions"},"function":{"name":"us-central1-app"},"extension":{},"message":"Beginning execution of \"app\""}}
[debug] [2022-04-12T16:09:47.037Z] [runtime-status] [11692] Running app in signature http {"metadata":{"emulator":{"name":"functions"},"function":{"name":"us-central1-app"},"extension":{},"message":"[runtime-status] [11692] Running app in signature http"}}
[debug] [2022-04-12T16:09:47.041Z] [runtime-status] [11692] Attempting to listen to socketPath: \\?\pipe\C:\Users\USER\Desktop\miTienda2\functions\11692 {"metadata":{"emulator":{"name":"functions"},"function":{"name":"us-central1-app"},"extension":{},"message":"[runtime-status] [11692] Attempting to listen to socketPath: \\\\?\\pipe\\C:\\Users\\USER\\Desktop\\miTienda2\\functions\\11692"}}
[debug] [2022-04-12T16:09:47.045Z] [functions] Runtime ready! Sending request! {"metadata":{"emulator":{"name":"functions"},"message":"[functions] Runtime ready! Sending request!"}}
[debug] [2022-04-12T16:09:47.046Z] [functions] Got req.url=/mt02-9e1b9/us-central1/app/api/checkout, mapping to path=/api/checkout {"metadata":{"emulator":{"name":"functions"},"message":"[functions] Got req.url=/mt02-9e1b9/us-central1/app/api/checkout, mapping to path=/api/checkout"}}
[debug] [2022-04-12T16:09:47.106Z] [runtime-status] [11692] Ephemeral server handling POST request {"metadata":{"emulator":{"name":"functions"},"function":{"name":"us-central1-app"},"extension":{},"message":"[runtime-status] [11692] Ephemeral server handling POST request"}}
[info] >  Entro un poco {"user":"Entro un poco","metadata":{"emulator":{"name":"functions"},"function":{"name":"us-central1-app"},"extension":{},"message":"\u001b[90m> \u001b[39m Entro un poco"}}
[info] >  { id: 'pm_1KnmHiDXhcebCoTAUv2XNKF7', amount: 4200 } {"user":"{ id: 'pm_1KnmHiDXhcebCoTAUv2XNKF7', amount: 4200 }","metadata":{"emulator":{"name":"functions"},"function":{"name":"us-central1-app"},"extension":{},"message":"\u001b[90m> \u001b[39m { id: 'pm_1KnmHiDXhcebCoTAUv2XNKF7', amount: 4200 }"}}
[debug] [2022-04-12T16:09:47.123Z] [runtime-status] [11692] Ephemeral server survived. {"metadata":{"emulator":{"name":"functions"},"function":{"name":"us-central1-app"},"extension":{},"message":"[runtime-status] [11692] Ephemeral server survived."}}
[info] >  { {"user":"{","metadata":{"emulator":{"name":"functions"},"function":{"name":"us-central1-app"},"extension":{},"message":"\u001b[90m> \u001b[39m {"}}
[info] >    id: 'pi_3KnmHoDXhcebCoTA0oOlbKHk', {"user":"  id: 'pi_3KnmHoDXhcebCoTA0oOlbKHk',","metadata":{"emulator":{"name":"functions"},"function":{"name":"us-central1-app"},"extension":{},"message":"\u001b[90m> \u001b[39m   id: 'pi_3KnmHoDXhcebCoTA0oOlbKHk',"}}
[info] >    object: 'payment_intent', {"user":"  object: 'payment_intent',","metadata":{"emulator":{"name":"functions"},"function":{"name":"us-central1-app"},"extension":{},"message":"\u001b[90m> \u001b[39m   object: 'payment_intent',"}}
[info] >    amount: 4200, {"user":"  amount: 4200,","metadata":{"emulator":{"name":"functions"},"function":{"name":"us-central1-app"},"extension":{},"message":"\u001b[90m> \u001b[39m   amount: 4200,"}}
[info] >    amount_capturable: 0, {"user":"  amount_capturable: 0,","metadata":{"emulator":{"name":"functions"},"function":{"name":"us-central1-app"},"extension":{},"message":"\u001b[90m> \u001b[39m   amount_capturable: 0,"}}
[info] >    amount_received: 4200, {"user":"  amount_received: 4200,","metadata":{"emulator":{"name":"functions"},"function":{"name":"us-central1-app"},"extension":{},"message":"\u001b[90m> \u001b[39m   amount_received: 4200,"}}
[info] >    application: null, {"user":"  application: null,","metadata":{"emulator":{"name":"functions"},"function":{"name":"us-central1-app"},"extension":{},"message":"\u001b[90m> \u001b[39m   application: null,"}}
[info] >    application_fee_amount: null, {"user":"  application_fee_amount: null,","metadata":{"emulator":{"name":"functions"},"function":{"name":"us-central1-app"},"extension":{},"message":"\u001b[90m> \u001b[39m   application_fee_amount: null,"}}
[info] >    automatic_payment_methods: null, {"user":"  automatic_payment_methods: null,","metadata":{"emulator":{"name":"functions"},"function":{"name":"us-central1-app"},"extension":{},"message":"\u001b[90m> \u001b[39m   automatic_payment_methods: null,"}}
[info] >    canceled_at: null, {"user":"  canceled_at: null,","metadata":{"emulator":{"name":"functions"},"function":{"name":"us-central1-app"},"extension":{},"message":"\u001b[90m> \u001b[39m   canceled_at: null,"}}
[info] >    cancellation_reason: null, {"user":"  cancellation_reason: null,","metadata":{"emulator":{"name":"functions"},"function":{"name":"us-central1-app"},"extension":{},"message":"\u001b[90m> \u001b[39m   cancellation_reason: null,"}}
[info] >    capture_method: 'automatic', {"user":"  capture_method: 'automatic',","metadata":{"emulator":{"name":"functions"},"function":{"name":"us-central1-app"},"extension":{},"message":"\u001b[90m> \u001b[39m   capture_method: 'automatic',"}}
[info] >    charges: { {"user":"  charges: {","metadata":{"emulator":{"name":"functions"},"function":{"name":"us-central1-app"},"extension":{},"message":"\u001b[90m> \u001b[39m   charges: {"}}
[info] >      object: 'list', {"user":"    object: 'list',","metadata":{"emulator":{"name":"functions"},"function":{"name":"us-central1-app"},"extension":{},"message":"\u001b[90m> \u001b[39m     object: 'list',"}}
[info] >      data: [ [Object] ], {"user":"    data: [ [Object] ],","metadata":{"emulator":{"name":"functions"},"function":{"name":"us-central1-app"},"extension":{},"message":"\u001b[90m> \u001b[39m     data: [ [Object] ],"}}
[info] >      has_more: false, {"user":"    has_more: false,","metadata":{"emulator":{"name":"functions"},"function":{"name":"us-central1-app"},"extension":{},"message":"\u001b[90m> \u001b[39m     has_more: false,"}}
[info] >      total_count: 1, {"user":"    total_count: 1,","metadata":{"emulator":{"name":"functions"},"function":{"name":"us-central1-app"},"extension":{},"message":"\u001b[90m> \u001b[39m     total_count: 1,"}}
[info] >      url: '/v1/charges?payment_intent=pi_3KnmHoDXhcebCoTA0oOlbKHk' {"user":"    url: '/v1/charges?payment_intent=pi_3KnmHoDXhcebCoTA0oOlbKHk'","metadata":{"emulator":{"name":"functions"},"function":{"name":"us-central1-app"},"extension":{},"message":"\u001b[90m> \u001b[39m     url: '/v1/charges?payment_intent=pi_3KnmHoDXhcebCoTA0oOlbKHk'"}}
[info] >    }, {"user":"  },","metadata":{"emulator":{"name":"functions"},"function":{"name":"us-central1-app"},"extension":{},"message":"\u001b[90m> \u001b[39m   },"}}
[info] >    client_secret: 'pi_3KnmHoDXhcebCoTA0oOlbKHk_secret_gCnrx9kMtX40CVkW44KH4fXOl', {"user":"  client_secret: 'pi_3KnmHoDXhcebCoTA0oOlbKHk_secret_gCnrx9kMtX40CVkW44KH4fXOl',","metadata":{"emulator":{"name":"functions"},"function":{"name":"us-central1-app"},"extension":{},"message":"\u001b[90m> \u001b[39m   client_secret: 'pi_3KnmHoDXhcebCoTA0oOlbKHk_secret_gCnrx9kMtX40CVkW44KH4fXOl',"}}
[info] >    confirmation_method: 'automatic', {"user":"  confirmation_method: 'automatic',","metadata":{"emulator":{"name":"functions"},"function":{"name":"us-central1-app"},"extension":{},"message":"\u001b[90m> \u001b[39m   confirmation_method: 'automatic',"}}
[info] >    created: 1649779788, {"user":"  created: 1649779788,","metadata":{"emulator":{"name":"functions"},"function":{"name":"us-central1-app"},"extension":{},"message":"\u001b[90m> \u001b[39m   created: 1649779788,"}}
[info] >    currency: 'eur', {"user":"  currency: 'eur',","metadata":{"emulator":{"name":"functions"},"function":{"name":"us-central1-app"},"extension":{},"message":"\u001b[90m> \u001b[39m   currency: 'eur',"}}
[info] >    customer: null, {"user":"  customer: null,","metadata":{"emulator":{"name":"functions"},"function":{"name":"us-central1-app"},"extension":{},"message":"\u001b[90m> \u001b[39m   customer: null,"}}
[info] >    description: 'Basket of products', {"user":"  description: 'Basket of products',","metadata":{"emulator":{"name":"functions"},"function":{"name":"us-central1-app"},"extension":{},"message":"\u001b[90m> \u001b[39m   description: 'Basket of products',"}}
[info] >    invoice: null, {"user":"  invoice: null,","metadata":{"emulator":{"name":"functions"},"function":{"name":"us-central1-app"},"extension":{},"message":"\u001b[90m> \u001b[39m   invoice: null,"}}
[info] >    last_payment_error: null, {"user":"  last_payment_error: null,","metadata":{"emulator":{"name":"functions"},"function":{"name":"us-central1-app"},"extension":{},"message":"\u001b[90m> \u001b[39m   last_payment_error: null,"}}
[info] >    livemode: false, {"user":"  livemode: false,","metadata":{"emulator":{"name":"functions"},"function":{"name":"us-central1-app"},"extension":{},"message":"\u001b[90m> \u001b[39m   livemode: false,"}}
[info] >    metadata: {}, {"user":"  metadata: {},","metadata":{"emulator":{"name":"functions"},"function":{"name":"us-central1-app"},"extension":{},"message":"\u001b[90m> \u001b[39m   metadata: {},"}}
[info] >    next_action: null, {"user":"  next_action: null,","metadata":{"emulator":{"name":"functions"},"function":{"name":"us-central1-app"},"extension":{},"message":"\u001b[90m> \u001b[39m   next_action: null,"}}
[info] >    on_behalf_of: null, {"user":"  on_behalf_of: null,","metadata":{"emulator":{"name":"functions"},"function":{"name":"us-central1-app"},"extension":{},"message":"\u001b[90m> \u001b[39m   on_behalf_of: null,"}}
[info] >    payment_method: 'pm_1KnmHiDXhcebCoTAUv2XNKF7', {"user":"  payment_method: 'pm_1KnmHiDXhcebCoTAUv2XNKF7',","metadata":{"emulator":{"name":"functions"},"function":{"name":"us-central1-app"},"extension":{},"message":"\u001b[90m> \u001b[39m   payment_method: 'pm_1KnmHiDXhcebCoTAUv2XNKF7',"}}
[info] >    payment_method_options: { {"user":"  payment_method_options: {","metadata":{"emulator":{"name":"functions"},"function":{"name":"us-central1-app"},"extension":{},"message":"\u001b[90m> \u001b[39m   payment_method_options: {"}}
[info] >      card: { {"user":"    card: {","metadata":{"emulator":{"name":"functions"},"function":{"name":"us-central1-app"},"extension":{},"message":"\u001b[90m> \u001b[39m     card: {"}}
[info] >        installments: null, {"user":"      installments: null,","metadata":{"emulator":{"name":"functions"},"function":{"name":"us-central1-app"},"extension":{},"message":"\u001b[90m> \u001b[39m       installments: null,"}}
[info] >        mandate_options: null, {"user":"      mandate_options: null,","metadata":{"emulator":{"name":"functions"},"function":{"name":"us-central1-app"},"extension":{},"message":"\u001b[90m> \u001b[39m       mandate_options: null,"}}
[info] >        network: null, {"user":"      network: null,","metadata":{"emulator":{"name":"functions"},"function":{"name":"us-central1-app"},"extension":{},"message":"\u001b[90m> \u001b[39m       network: null,"}}
[info] >        request_three_d_secure: 'automatic' {"user":"      request_three_d_secure: 'automatic'","metadata":{"emulator":{"name":"functions"},"function":{"name":"us-central1-app"},"extension":{},"message":"\u001b[90m> \u001b[39m       request_three_d_secure: 'automatic'"}}
[info] >      } {"user":"    }","metadata":{"emulator":{"name":"functions"},"function":{"name":"us-central1-app"},"extension":{},"message":"\u001b[90m> \u001b[39m     }"}}
[info] >    }, {"user":"  },","metadata":{"emulator":{"name":"functions"},"function":{"name":"us-central1-app"},"extension":{},"message":"\u001b[90m> \u001b[39m   },"}}
[info] >    payment_method_types: [ 'card' ], {"user":"  payment_method_types: [ 'card' ],","metadata":{"emulator":{"name":"functions"},"function":{"name":"us-central1-app"},"extension":{},"message":"\u001b[90m> \u001b[39m   payment_method_types: [ 'card' ],"}}
[info] >    processing: null, {"user":"  processing: null,","metadata":{"emulator":{"name":"functions"},"function":{"name":"us-central1-app"},"extension":{},"message":"\u001b[90m> \u001b[39m   processing: null,"}}
[info] >    receipt_email: null, {"user":"  receipt_email: null,","metadata":{"emulator":{"name":"functions"},"function":{"name":"us-central1-app"},"extension":{},"message":"\u001b[90m> \u001b[39m   receipt_email: null,"}}
[info] >    review: null, {"user":"  review: null,","metadata":{"emulator":{"name":"functions"},"function":{"name":"us-central1-app"},"extension":{},"message":"\u001b[90m> \u001b[39m   review: null,"}}
[info] >    setup_future_usage: null, {"user":"  setup_future_usage: null,","metadata":{"emulator":{"name":"functions"},"function":{"name":"us-central1-app"},"extension":{},"message":"\u001b[90m> \u001b[39m   setup_future_usage: null,"}}
[info] >    shipping: null, {"user":"  shipping: null,","metadata":{"emulator":{"name":"functions"},"function":{"name":"us-central1-app"},"extension":{},"message":"\u001b[90m> \u001b[39m   shipping: null,"}}
[info] >    source: null, {"user":"  source: null,","metadata":{"emulator":{"name":"functions"},"function":{"name":"us-central1-app"},"extension":{},"message":"\u001b[90m> \u001b[39m   source: null,"}}
[info] >    statement_descriptor: null, {"user":"  statement_descriptor: null,","metadata":{"emulator":{"name":"functions"},"function":{"name":"us-central1-app"},"extension":{},"message":"\u001b[90m> \u001b[39m   statement_descriptor: null,"}}
[info] >    statement_descriptor_suffix: null, {"user":"  statement_descriptor_suffix: null,","metadata":{"emulator":{"name":"functions"},"function":{"name":"us-central1-app"},"extension":{},"message":"\u001b[90m> \u001b[39m   statement_descriptor_suffix: null,"}}
[info] >    status: 'succeeded', {"user":"  status: 'succeeded',","metadata":{"emulator":{"name":"functions"},"function":{"name":"us-central1-app"},"extension":{},"message":"\u001b[90m> \u001b[39m   status: 'succeeded',"}}
[info] >    transfer_data: null, {"user":"  transfer_data: null,","metadata":{"emulator":{"name":"functions"},"function":{"name":"us-central1-app"},"extension":{},"message":"\u001b[90m> \u001b[39m   transfer_data: null,"}}
[info] >    transfer_group: null {"user":"  transfer_group: null","metadata":{"emulator":{"name":"functions"},"function":{"name":"us-central1-app"},"extension":{},"message":"\u001b[90m> \u001b[39m   transfer_group: null"}}
[info] >  } {"user":"}","metadata":{"emulator":{"name":"functions"},"function":{"name":"us-central1-app"},"extension":{},"message":"\u001b[90m> \u001b[39m }"}}
[info] i  functions: Finished "app" in ~2s {"metadata":{"emulator":{"name":"functions"},"function":{"name":"us-central1-app"},"extension":{},"message":"Finished \"app\" in ~2s"}}
[debug] [2022-04-12T16:09:49.189Z] [worker-us-central1-app-b0e05a62-b532-467b-bd75-17cb50b88bc4]: IDLE {"metadata":{"emulator":{"name":"functions"},"message":"[worker-us-central1-app-b0e05a62-b532-467b-bd75-17cb50b88bc4]: IDLE"}}
[debug] [2022-04-12T16:09:49.189Z] [work-queue] {"queueLength":0,"workRunningCount":0}
